# JRE version: Java(TM) SE Runtime Environment (8.0_171-b11) (build 1.8.0_171-b11)
# Java VM: Java HotSpot(TM) 64-Bit Server VM (25.171-b11 mixed mode windows-amd64 compressed oops)
Heap:
 PSYoungGen      total 46080K, used 4886K [0x00000000eb380000, 0x00000000ee900000, 0x0000000100000000)
  eden space 38400K, 9% used [0x00000000eb380000,0x00000000eb730058,0x00000000ed900000)
  from space 7680K, 14% used [0x00000000ee180000,0x00000000ee2957f8,0x00000000ee900000)
  to   space 8192K, 0% used [0x00000000ed900000,0x00000000ed900000,0x00000000ee100000)
 ParOldGen       total 29184K, used 15900K [0x00000000c1a00000, 0x00000000c3680000, 0x00000000eb380000)
  object space 29184K, 54% used [0x00000000c1a00000,0x00000000c29871b0,0x00000000c3680000)
 Metaspace       used 24136K, capacity 24704K, committed 24960K, reserved 1071104K
  class space    used 2939K, capacity 3116K, committed 3200K, reserved 1048576K
GC Heap History (10 events):
Event: 20.871 GC heap before
{Heap before GC invocations=11 (full 1):
 PSYoungGen      total 22016K, used 960K [0x00000000eb380000, 0x00000000eda80000, 0x0000000100000000)
  eden space 15872K, 0% used [0x00000000eb380000,0x00000000eb380000,0x00000000ec300000)
  from space 6144K, 15% used [0x00000000ec980000,0x00000000eca70020,0x00000000ecf80000)
  to   space 6656K, 0% used [0x00000000ec300000,0x00000000ec300000,0x00000000ec980000)
 ParOldGen       total 44032K, used 12113K [0x00000000c1a00000, 0x00000000c4500000, 0x00000000eb380000)
  object space 44032K, 27% used [0x00000000c1a00000,0x00000000c25d4648,0x00000000c4500000)
 Metaspace       used 20641K, capacity 21096K, committed 21248K, reserved 1067008K
  class space    used 2559K, capacity 2729K, committed 2816K, reserved 1048576K
Event: 20.952 GC heap after
Heap after GC invocations=11 (full 1):
 PSYoungGen      total 22016K, used 0K [0x00000000eb380000, 0x00000000eda80000, 0x0000000100000000)
  eden space 15872K, 0% used [0x00000000eb380000,0x00000000eb380000,0x00000000ec300000)
  from space 6144K, 0% used [0x00000000ec980000,0x00000000ec980000,0x00000000ecf80000)
  to   space 6656K, 0% used [0x00000000ec300000,0x00000000ec300000,0x00000000ec980000)
 ParOldGen       total 29184K, used 8652K [0x00000000c1a00000, 0x00000000c3680000, 0x00000000eb380000)
  object space 29184K, 29% used [0x00000000c1a00000,0x00000000c2273338,0x00000000c3680000)
 Metaspace       used 20641K, capacity 21096K, committed 21248K, reserved 1067008K
  class space    used 2559K, capacity 2729K, committed 2816K, reserved 1048576K
}
Event: 21.172 GC heap before
{Heap before GC invocations=12 (full 1):
 PSYoungGen      total 22016K, used 15848K [0x00000000eb380000, 0x00000000eda80000, 0x0000000100000000)
  eden space 15872K, 99% used [0x00000000eb380000,0x00000000ec2fa030,0x00000000ec300000)
  from space 6144K, 0% used [0x00000000ec980000,0x00000000ec980000,0x00000000ecf80000)
  to   space 6656K, 0% used [0x00000000ec300000,0x00000000ec300000,0x00000000ec980000)
 ParOldGen       total 29184K, used 8652K [0x00000000c1a00000, 0x00000000c3680000, 0x00000000eb380000)
  object space 29184K, 29% used [0x00000000c1a00000,0x00000000c2273338,0x00000000c3680000)
 Metaspace       used 22000K, capacity 22504K, committed 22656K, reserved 1069056K
  class space    used 2732K, capacity 2921K, committed 2944K, reserved 1048576K
Event: 21.175 GC heap after
Heap after GC invocations=12 (full 1):
 PSYoungGen      total 22528K, used 538K [0x00000000eb380000, 0x00000000ed900000, 0x0000000100000000)
  eden space 15872K, 0% used [0x00000000eb380000,0x00000000eb380000,0x00000000ec300000)
  from space 6656K, 8% used [0x00000000ec300000,0x00000000ec386988,0x00000000ec980000)
  to   space 6656K, 0% used [0x00000000ed280000,0x00000000ed280000,0x00000000ed900000)
 ParOldGen       total 29184K, used 8660K [0x00000000c1a00000, 0x00000000c3680000, 0x00000000eb380000)
  object space 29184K, 29% used [0x00000000c1a00000,0x00000000c2275338,0x00000000c3680000)
 Metaspace       used 22000K, capacity 22504K, committed 22656K, reserved 1069056K
  class space    used 2732K, capacity 2921K, committed 2944K, reserved 1048576K
}
Event: 21.186 GC heap before
{Heap before GC invocations=13 (full 1):
 PSYoungGen      total 22528K, used 16363K [0x00000000eb380000, 0x00000000ed900000, 0x0000000100000000)
  eden space 15872K, 99% used [0x00000000eb380000,0x00000000ec2f4570,0x00000000ec300000)
  from space 6656K, 8% used [0x00000000ec300000,0x00000000ec386988,0x00000000ec980000)
  to   space 6656K, 0% used [0x00000000ed280000,0x00000000ed280000,0x00000000ed900000)
 ParOldGen       total 29184K, used 8660K [0x00000000c1a00000, 0x00000000c3680000, 0x00000000eb380000)
  object space 29184K, 29% used [0x00000000c1a00000,0x00000000c2275338,0x00000000c3680000)
 Metaspace       used 22000K, capacity 22504K, committed 22656K, reserved 1069056K
  class space    used 2732K, capacity 2921K, committed 2944K, reserved 1048576K
Event: 21.188 GC heap after
Heap after GC invocations=13 (full 1):
 PSYoungGen      total 31232K, used 58K [0x00000000eb380000, 0x00000000eda80000, 0x0000000100000000)
  eden space 24576K, 0% used [0x00000000eb380000,0x00000000eb380000,0x00000000ecb80000)
  from space 6656K, 0% used [0x00000000ed280000,0x00000000ed28eb50,0x00000000ed900000)
  to   space 7168K, 0% used [0x00000000ecb80000,0x00000000ecb80000,0x00000000ed280000)
 ParOldGen       total 29184K, used 9103K [0x00000000c1a00000, 0x00000000c3680000, 0x00000000eb380000)
  object space 29184K, 31% used [0x00000000c1a00000,0x00000000c22e3fb8,0x00000000c3680000)
 Metaspace       used 22000K, capacity 22504K, committed 22656K, reserved 1069056K
  class space    used 2732K, capacity 2921K, committed 2944K, reserved 1048576K
}
Event: 21.913 GC heap before
{Heap before GC invocations=14 (full 1):
 PSYoungGen      total 31232K, used 24634K [0x00000000eb380000, 0x00000000eda80000, 0x0000000100000000)
  eden space 24576K, 100% used [0x00000000eb380000,0x00000000ecb80000,0x00000000ecb80000)
  from space 6656K, 0% used [0x00000000ed280000,0x00000000ed28eb50,0x00000000ed900000)
  to   space 7168K, 0% used [0x00000000ecb80000,0x00000000ecb80000,0x00000000ed280000)
 ParOldGen       total 29184K, used 9103K [0x00000000c1a00000, 0x00000000c3680000, 0x00000000eb380000)
  object space 29184K, 31% used [0x00000000c1a00000,0x00000000c22e3fb8,0x00000000c3680000)
 Metaspace       used 23284K, capacity 23752K, committed 24064K, reserved 1071104K
  class space    used 2858K, capacity 3017K, committed 3072K, reserved 1048576K
Event: 21.926 GC heap after
Heap after GC invocations=14 (full 1):
 PSYoungGen      total 31744K, used 7167K [0x00000000eb380000, 0x00000000ee980000, 0x0000000100000000)
  eden space 24576K, 0% used [0x00000000eb380000,0x00000000eb380000,0x00000000ecb80000)
  from space 7168K, 99% used [0x00000000ecb80000,0x00000000ed27fc48,0x00000000ed280000)
  to   space 8192K, 0% used [0x00000000ee180000,0x00000000ee180000,0x00000000ee980000)
 ParOldGen       total 29184K, used 9131K [0x00000000c1a00000, 0x00000000c3680000, 0x00000000eb380000)
  object space 29184K, 31% used [0x00000000c1a00000,0x00000000c22eadc8,0x00000000c3680000)
 Metaspace       used 23284K, capacity 23752K, committed 24064K, reserved 1071104K
  class space    used 2858K, capacity 3017K, committed 3072K, reserved 1048576K
}
Event: 24.188 GC heap before
{Heap before GC invocations=15 (full 1):
 PSYoungGen      total 31744K, used 31743K [0x00000000eb380000, 0x00000000ee980000, 0x0000000100000000)
  eden space 24576K, 100% used [0x00000000eb380000,0x00000000ecb80000,0x00000000ecb80000)
  from space 7168K, 99% used [0x00000000ecb80000,0x00000000ed27fc48,0x00000000ed280000)
  to   space 8192K, 0% used [0x00000000ee180000,0x00000000ee180000,0x00000000ee980000)
 ParOldGen       total 29184K, used 9131K [0x00000000c1a00000, 0x00000000c3680000, 0x00000000eb380000)
  object space 29184K, 31% used [0x00000000c1a00000,0x00000000c22eadc8,0x00000000c3680000)
 Metaspace       used 23807K, capacity 24416K, committed 24704K, reserved 1071104K
  class space    used 2892K, capacity 3084K, committed 3200K, reserved 1048576K
Event: 24.203 GC heap after
Heap after GC invocations=15 (full 1):
 PSYoungGen      total 46080K, used 1109K [0x00000000eb380000, 0x00000000ee900000, 0x0000000100000000)
  eden space 38400K, 0% used [0x00000000eb380000,0x00000000eb380000,0x00000000ed900000)
  from space 7680K, 14% used [0x00000000ee180000,0x00000000ee2957f8,0x00000000ee900000)
  to   space 8192K, 0% used [0x00000000ed900000,0x00000000ed900000,0x00000000ee100000)
 ParOldGen       total 29184K, used 15900K [0x00000000c1a00000, 0x00000000c3680000, 0x00000000eb380000)
  object space 29184K, 54% used [0x00000000c1a00000,0x00000000c29871b0,0x00000000c3680000)
 Metaspace       used 23807K, capacity 24416K, committed 24704K, reserved 1071104K
  class space    used 2892K, capacity 3084K, committed 3200K, reserved 1048576K
}

