# JRE version: Java(TM) SE Runtime Environment (8.0_171-b11) (build 1.8.0_171-b11)
# Java VM: Java HotSpot(TM) 64-Bit Server VM (25.171-b11 mixed mode windows-amd64 compressed oops)
Heap:
 PSYoungGen      total 22016K, used 4501K [0x00000000eb380000, 0x00000000ece80000, 0x0000000100000000)
  eden space 16384K, 2% used [0x00000000eb380000,0x00000000eb3dd228,0x00000000ec380000)
  from space 5632K, 73% used [0x00000000ec380000,0x00000000ec7882b0,0x00000000ec900000)
  to   space 5632K, 0% used [0x00000000ec900000,0x00000000ec900000,0x00000000ece80000)
 ParOldGen       total 44032K, used 7224K [0x00000000c1a00000, 0x00000000c4500000, 0x00000000eb380000)
  object space 44032K, 16% used [0x00000000c1a00000,0x00000000c210e058,0x00000000c4500000)
 Metaspace       used 16919K, capacity 17372K, committed 17664K, reserved 1064960K
  class space    used 2106K, capacity 2225K, committed 2304K, reserved 1048576K
GC Heap History (10 events):
Event: 6.226 GC heap before
{Heap before GC invocations=3 (full 0):
 PSYoungGen      total 18944K, used 18910K [0x00000000eb380000, 0x00000000ec880000, 0x0000000100000000)
  eden space 16384K, 99% used [0x00000000eb380000,0x00000000ec37f590,0x00000000ec380000)
  from space 2560K, 98% used [0x00000000ec600000,0x00000000ec878580,0x00000000ec880000)
  to   space 2560K, 0% used [0x00000000ec380000,0x00000000ec380000,0x00000000ec600000)
 ParOldGen       total 44032K, used 765K [0x00000000c1a00000, 0x00000000c4500000, 0x00000000eb380000)
  object space 44032K, 1% used [0x00000000c1a00000,0x00000000c1abf700,0x00000000c4500000)
 Metaspace       used 9790K, capacity 9960K, committed 10112K, reserved 1058816K
  class space    used 1251K, capacity 1313K, committed 1408K, reserved 1048576K
Event: 6.235 GC heap after
Heap after GC invocations=3 (full 0):
 PSYoungGen      total 18944K, used 2545K [0x00000000eb380000, 0x00000000ec880000, 0x0000000100000000)
  eden space 16384K, 0% used [0x00000000eb380000,0x00000000eb380000,0x00000000ec380000)
  from space 2560K, 99% used [0x00000000ec380000,0x00000000ec5fc798,0x00000000ec600000)
  to   space 2560K, 0% used [0x00000000ec600000,0x00000000ec600000,0x00000000ec880000)
 ParOldGen       total 44032K, used 2383K [0x00000000c1a00000, 0x00000000c4500000, 0x00000000eb380000)
  object space 44032K, 5% used [0x00000000c1a00000,0x00000000c1c53cb8,0x00000000c4500000)
 Metaspace       used 9790K, capacity 9960K, committed 10112K, reserved 1058816K
  class space    used 1251K, capacity 1313K, committed 1408K, reserved 1048576K
}
Event: 7.179 GC heap before
{Heap before GC invocations=4 (full 0):
 PSYoungGen      total 18944K, used 18929K [0x00000000eb380000, 0x00000000ec880000, 0x0000000100000000)
  eden space 16384K, 100% used [0x00000000eb380000,0x00000000ec380000,0x00000000ec380000)
  from space 2560K, 99% used [0x00000000ec380000,0x00000000ec5fc798,0x00000000ec600000)
  to   space 2560K, 0% used [0x00000000ec600000,0x00000000ec600000,0x00000000ec880000)
 ParOldGen       total 44032K, used 2383K [0x00000000c1a00000, 0x00000000c4500000, 0x00000000eb380000)
  object space 44032K, 5% used [0x00000000c1a00000,0x00000000c1c53cb8,0x00000000c4500000)
 Metaspace       used 12357K, capacity 12548K, committed 12928K, reserved 1060864K
  class space    used 1512K, capacity 1579K, committed 1664K, reserved 1048576K
Event: 7.197 GC heap after
Heap after GC invocations=4 (full 0):
 PSYoungGen      total 18944K, used 2528K [0x00000000eb380000, 0x00000000ec880000, 0x0000000100000000)
  eden space 16384K, 0% used [0x00000000eb380000,0x00000000eb380000,0x00000000ec380000)
  from space 2560K, 98% used [0x00000000ec600000,0x00000000ec878020,0x00000000ec880000)
  to   space 2560K, 0% used [0x00000000ec380000,0x00000000ec380000,0x00000000ec600000)
 ParOldGen       total 44032K, used 5045K [0x00000000c1a00000, 0x00000000c4500000, 0x00000000eb380000)
  object space 44032K, 11% used [0x00000000c1a00000,0x00000000c1eed6f8,0x00000000c4500000)
 Metaspace       used 12357K, capacity 12548K, committed 12928K, reserved 1060864K
  class space    used 1512K, capacity 1579K, committed 1664K, reserved 1048576K
}
Event: 7.901 GC heap before
{Heap before GC invocations=5 (full 0):
 PSYoungGen      total 18944K, used 18912K [0x00000000eb380000, 0x00000000ec880000, 0x0000000100000000)
  eden space 16384K, 100% used [0x00000000eb380000,0x00000000ec380000,0x00000000ec380000)
  from space 2560K, 98% used [0x00000000ec600000,0x00000000ec878020,0x00000000ec880000)
  to   space 2560K, 0% used [0x00000000ec380000,0x00000000ec380000,0x00000000ec600000)
 ParOldGen       total 44032K, used 5045K [0x00000000c1a00000, 0x00000000c4500000, 0x00000000eb380000)
  object space 44032K, 11% used [0x00000000c1a00000,0x00000000c1eed6f8,0x00000000c4500000)
 Metaspace       used 12836K, capacity 13080K, committed 13184K, reserved 1060864K
  class space    used 1568K, capacity 1621K, committed 1664K, reserved 1048576K
Event: 7.911 GC heap after
Heap after GC invocations=5 (full 0):
 PSYoungGen      total 18944K, used 2544K [0x00000000eb380000, 0x00000000ece80000, 0x0000000100000000)
  eden space 16384K, 0% used [0x00000000eb380000,0x00000000eb380000,0x00000000ec380000)
  from space 2560K, 99% used [0x00000000ec380000,0x00000000ec5fc010,0x00000000ec600000)
  to   space 5632K, 0% used [0x00000000ec900000,0x00000000ec900000,0x00000000ece80000)
 ParOldGen       total 44032K, used 6712K [0x00000000c1a00000, 0x00000000c4500000, 0x00000000eb380000)
  object space 44032K, 15% used [0x00000000c1a00000,0x00000000c208e008,0x00000000c4500000)
 Metaspace       used 12836K, capacity 13080K, committed 13184K, reserved 1060864K
  class space    used 1568K, capacity 1621K, committed 1664K, reserved 1048576K
}
Event: 9.089 GC heap before
{Heap before GC invocations=6 (full 0):
 PSYoungGen      total 18944K, used 18928K [0x00000000eb380000, 0x00000000ece80000, 0x0000000100000000)
  eden space 16384K, 100% used [0x00000000eb380000,0x00000000ec380000,0x00000000ec380000)
  from space 2560K, 99% used [0x00000000ec380000,0x00000000ec5fc010,0x00000000ec600000)
  to   space 5632K, 0% used [0x00000000ec900000,0x00000000ec900000,0x00000000ece80000)
 ParOldGen       total 44032K, used 6712K [0x00000000c1a00000, 0x00000000c4500000, 0x00000000eb380000)
  object space 44032K, 15% used [0x00000000c1a00000,0x00000000c208e008,0x00000000c4500000)
 Metaspace       used 13182K, capacity 13528K, committed 13824K, reserved 1060864K
  class space    used 1607K, capacity 1665K, committed 1792K, reserved 1048576K
Event: 9.100 GC heap after
Heap after GC invocations=6 (full 0):
 PSYoungGen      total 22016K, used 3504K [0x00000000eb380000, 0x00000000ece80000, 0x0000000100000000)
  eden space 16384K, 0% used [0x00000000eb380000,0x00000000eb380000,0x00000000ec380000)
  from space 5632K, 62% used [0x00000000ec900000,0x00000000ecc6c010,0x00000000ece80000)
  to   space 5632K, 0% used [0x00000000ec380000,0x00000000ec380000,0x00000000ec900000)
 ParOldGen       total 44032K, used 6712K [0x00000000c1a00000, 0x00000000c4500000, 0x00000000eb380000)
  object space 44032K, 15% used [0x00000000c1a00000,0x00000000c208e008,0x00000000c4500000)
 Metaspace       used 13182K, capacity 13528K, committed 13824K, reserved 1060864K
  class space    used 1607K, capacity 1665K, committed 1792K, reserved 1048576K
}
Event: 10.300 GC heap before
{Heap before GC invocations=7 (full 0):
 PSYoungGen      total 22016K, used 19888K [0x00000000eb380000, 0x00000000ece80000, 0x0000000100000000)
  eden space 16384K, 100% used [0x00000000eb380000,0x00000000ec380000,0x00000000ec380000)
  from space 5632K, 62% used [0x00000000ec900000,0x00000000ecc6c010,0x00000000ece80000)
  to   space 5632K, 0% used [0x00000000ec380000,0x00000000ec380000,0x00000000ec900000)
 ParOldGen       total 44032K, used 6712K [0x00000000c1a00000, 0x00000000c4500000, 0x00000000eb380000)
  object space 44032K, 15% used [0x00000000c1a00000,0x00000000c208e008,0x00000000c4500000)
 Metaspace       used 16795K, capacity 17212K, committed 17408K, reserved 1064960K
  class space    used 2090K, capacity 2193K, committed 2304K, reserved 1048576K
Event: 10.314 GC heap after
Heap after GC invocations=7 (full 0):
 PSYoungGen      total 22016K, used 4128K [0x00000000eb380000, 0x00000000ece80000, 0x0000000100000000)
  eden space 16384K, 0% used [0x00000000eb380000,0x00000000eb380000,0x00000000ec380000)
  from space 5632K, 73% used [0x00000000ec380000,0x00000000ec7882b0,0x00000000ec900000)
  to   space 5632K, 0% used [0x00000000ec900000,0x00000000ec900000,0x00000000ece80000)
 ParOldGen       total 44032K, used 7224K [0x00000000c1a00000, 0x00000000c4500000, 0x00000000eb380000)
  object space 44032K, 16% used [0x00000000c1a00000,0x00000000c210e058,0x00000000c4500000)
 Metaspace       used 16795K, capacity 17212K, committed 17408K, reserved 1064960K
  class space    used 2090K, capacity 2193K, committed 2304K, reserved 1048576K
}

